<?xml version="1.0" encoding="UTF-8"?>
<!-- Generated by org.testng.reporters.JUnitReportReporter -->
<testsuite hostname="DESKTOP-4I5S0QG" name="tests.TestNGDemoNoPOM" tests="1" failures="0" timestamp="30 Jun 2023 10:47:50 GMT" time="9.104" errors="0">
  <testcase name="loginAndPass" time="9.104" classname="tests.TestNGDemoNoPOM"/>
</testsuite> <!-- tests.TestNGDemoNoPOM -->
